java.util.concurrent.TimeoutException: Future timed out after [30 seconds]
  scala.concurrent.impl.Promise$DefaultPromise.tryAwait0(Promise.scala:248)
  scala.concurrent.impl.Promise$DefaultPromise.result(Promise.scala:261)
  scala.concurrent.Await$.$anonfun$result$1(package.scala:201)
  scala.concurrent.BlockContext$DefaultBlockContext$.blockOn(BlockContext.scala:62)
  scala.concurrent.Await$.result(package.scala:124)
  bloop.rifle.internal.Operations$.timeout(Operations.scala:532)
  bloop.rifle.internal.Operations$.about(Operations.scala:500)
  bloop.rifle.BloopRifle$.getCurrentBloopVersion(BloopRifle.scala:156)
  bloop.rifle.BloopServer$.ensureBloopRunning(BloopServer.scala:111)
  bloop.rifle.BloopServer$.bsp(BloopServer.scala:155)
  bloop.rifle.BloopServer$.buildServer(BloopServer.scala:185)
  scala.build.bsp.BspImpl.$anonfun$10(BspImpl.scala:424)
  scala.build.compiler.BloopCompiler.<init>(BloopCompiler.scala:15)
  scala.build.bsp.BspImpl.newBloopSession(BspImpl.scala:429)
  scala.build.bsp.BspImpl.run(BspImpl.scala:470)
  scala.cli.commands.bsp.Bsp$.runCommand$$anonfun$1(Bsp.scala:156)
  scala.runtime.function.JProcedure1.apply(JProcedure1.java:15)
  scala.runtime.function.JProcedure1.apply(JProcedure1.java:10)
  scala.build.bsp.BspThreads$.withThreads(BspThreads.scala:23)
  scala.cli.commands.bsp.Bsp$.runCommand(Bsp.scala:159)
  scala.cli.commands.bsp.Bsp$.runCommand(Bsp.scala:55)
  scala.cli.commands.ScalaCommand.run(ScalaCommand.scala:379)
  scala.cli.commands.ScalaCommand.run(ScalaCommand.scala:361)
  caseapp.core.app.CaseApp.main(CaseApp.scala:157)
  scala.cli.commands.ScalaCommand.main(ScalaCommand.scala:346)
  caseapp.core.app.CommandsEntryPoint.main(CommandsEntryPoint.scala:166)
  scala.cli.ScalaCliCommands.main(ScalaCliCommands.scala:125)
  scala.cli.ScalaCli$.main0(ScalaCli.scala:286)
  scala.cli.ScalaCli$.main(ScalaCli.scala:116)
  scala.cli.ScalaCli.main(ScalaCli.scala)
